<?xml version="1.0" encoding="UTF-8"?>
<!-- Generated by org.testng.reporters.JUnitXMLReporter -->
<testsuite ignored="0" hostname="LTMY000475" failures="0" tests="3" name="Default test" time="3.354" errors="0" timestamp="2023-06-30T17:41:46 MYT">
  <testcase classname="getRequests.SingleUserDetails" name="getDetails" time="2.279"/>
  <testcase classname="getRequests.SingleUserDetails" name="postdata" time="0.536"/>
  <testcase classname="getRequests.SingleUserDetails" name="put" time="0.503"/>
</testsuite> <!-- Default test -->
