<?xml version="1.0" encoding="UTF-8"?>
<!-- Generated by org.testng.reporters.JUnitXMLReporter -->
<testsuite ignored="0" hostname="LTMY000475" failures="0" tests="3" name="Default test" time="3.146" errors="0" timestamp="2023-06-28T11:33:39 MYT">
  <testcase classname="getRequests.SingleUserDetails" name="getDetails" time="2.204"/>
  <testcase classname="getRequests.SingleUserDetails" name="postdata" time="0.479"/>
  <testcase classname="getRequests.SingleUserDetails" name="put" time="0.426"/>
</testsuite> <!-- Default test -->
